This file contains any messages produced by compilers while
running configure, to aid debugging if configure makes a mistake.

It was created by p4-sai-bm configure 0.1, which was
generated by GNU Autoconf 2.69.  Invocation command line was

  $ ./configure --without-targets

## --------- ##
## Platform. ##
## --------- ##

hostname = d7da78115baa
uname -m = x86_64
uname -r = 4.9.184-linuxkit
uname -s = Linux
uname -v = #1 SMP Tue Jul 2 22:58:16 UTC 2019

/usr/bin/uname -p = unknown
/bin/uname -X     = unknown

/bin/arch              = unknown
/usr/bin/arch -k       = unknown
/usr/convex/getsysinfo = unknown
/usr/bin/hostinfo      = unknown
/bin/machine           = unknown
/usr/bin/oslevel       = unknown
/bin/universe          = unknown

PATH: /usr/local/sbin
PATH: /usr/local/bin
PATH: /usr/sbin
PATH: /usr/bin
PATH: /sbin
PATH: /bin
PATH: /usr/local/lib/jvm/bin


## ----------- ##
## Core tests. ##
## ----------- ##

configure:2543: checking for g++
configure:2559: found /usr/bin/g++
configure:2570: result: g++
configure:2597: checking for C++ compiler version
configure:2606: g++ --version >&5
g++ (Debian 6.3.0-18+deb9u1) 6.3.0 20170516
Copyright (C) 2016 Free Software Foundation, Inc.
This is free software; see the source for copying conditions.  There is NO
warranty; not even for MERCHANTABILITY or FITNESS FOR A PARTICULAR PURPOSE.

configure:2617: $? = 0
configure:2606: g++ -v >&5
Using built-in specs.
COLLECT_GCC=g++
COLLECT_LTO_WRAPPER=/usr/lib/gcc/x86_64-linux-gnu/6/lto-wrapper
Target: x86_64-linux-gnu
Configured with: ../src/configure -v --with-pkgversion='Debian 6.3.0-18+deb9u1' --with-bugurl=file:///usr/share/doc/gcc-6/README.Bugs --enable-languages=c,ada,c++,java,go,d,fortran,objc,obj-c++ --prefix=/usr --program-suffix=-6 --program-prefix=x86_64-linux-gnu- --enable-shared --enable-linker-build-id --libexecdir=/usr/lib --without-included-gettext --enable-threads=posix --libdir=/usr/lib --enable-nls --with-sysroot=/ --enable-clocale=gnu --enable-libstdcxx-debug --enable-libstdcxx-time=yes --with-default-libstdcxx-abi=new --enable-gnu-unique-object --disable-vtable-verify --enable-libmpx --enable-plugin --enable-default-pie --with-system-zlib --disable-browser-plugin --enable-java-awt=gtk --enable-gtk-cairo --with-java-home=/usr/lib/jvm/java-1.5.0-gcj-6-amd64/jre --enable-java-home --with-jvm-root-dir=/usr/lib/jvm/java-1.5.0-gcj-6-amd64 --with-jvm-jar-dir=/usr/lib/jvm-exports/java-1.5.0-gcj-6-amd64 --with-arch-directory=amd64 --with-ecj-jar=/usr/share/java/eclipse-ecj.jar --with-target-system-zlib --enable-objc-gc=auto --enable-multiarch --with-arch-32=i686 --with-abi=m64 --with-multilib-list=m32,m64,mx32 --enable-multilib --with-tune=generic --enable-checking=release --build=x86_64-linux-gnu --host=x86_64-linux-gnu --target=x86_64-linux-gnu
Thread model: posix
gcc version 6.3.0 20170516 (Debian 6.3.0-18+deb9u1) 
configure:2617: $? = 0
configure:2606: g++ -V >&5
g++: error: unrecognized command line option '-V'
g++: fatal error: no input files
compilation terminated.
configure:2617: $? = 1
configure:2606: g++ -qversion >&5
g++: error: unrecognized command line option '-qversion'; did you mean '--version'?
g++: fatal error: no input files
compilation terminated.
configure:2617: $? = 1
configure:2637: checking whether the C++ compiler works
configure:2659: g++    conftest.cpp  >&5
configure:2663: $? = 0
configure:2711: result: yes
configure:2714: checking for C++ compiler default output file name
configure:2716: result: a.out
configure:2722: checking for suffix of executables
configure:2729: g++ -o conftest    conftest.cpp  >&5
configure:2733: $? = 0
configure:2755: result: 
configure:2777: checking whether we are cross compiling
configure:2785: g++ -o conftest    conftest.cpp  >&5
configure:2789: $? = 0
configure:2796: ./conftest
configure:2800: $? = 0
configure:2815: result: no
configure:2820: checking for suffix of object files
configure:2842: g++ -c   conftest.cpp >&5
configure:2846: $? = 0
configure:2867: result: o
configure:2871: checking whether we are using the GNU C++ compiler
configure:2890: g++ -c   conftest.cpp >&5
configure:2890: $? = 0
configure:2899: result: yes
configure:2908: checking whether g++ accepts -g
configure:2928: g++ -c -g  conftest.cpp >&5
configure:2928: $? = 0
configure:2969: result: yes
configure:2997: checking how to run the C++ preprocessor
configure:3024: g++ -E  conftest.cpp
configure:3024: $? = 0
configure:3038: g++ -E  conftest.cpp
conftest.cpp:9:28: fatal error: ac_nonexistent.h: No such file or directory
 #include <ac_nonexistent.h>
                            ^
compilation terminated.
configure:3038: $? = 1
configure: failed program was:
| /* confdefs.h */
| #define PACKAGE_NAME "p4-sai-bm"
| #define PACKAGE_TARNAME "p4-sai-bm"
| #define PACKAGE_VERSION "0.1"
| #define PACKAGE_STRING "p4-sai-bm 0.1"
| #define PACKAGE_BUGREPORT "yonatanp@mellanox.com"
| #define PACKAGE_URL ""
| /* end confdefs.h.  */
| #include <ac_nonexistent.h>
configure:3063: result: g++ -E
configure:3083: g++ -E  conftest.cpp
configure:3083: $? = 0
configure:3097: g++ -E  conftest.cpp
conftest.cpp:9:28: fatal error: ac_nonexistent.h: No such file or directory
 #include <ac_nonexistent.h>
                            ^
compilation terminated.
configure:3097: $? = 1
configure: failed program was:
| /* confdefs.h */
| #define PACKAGE_NAME "p4-sai-bm"
| #define PACKAGE_TARNAME "p4-sai-bm"
| #define PACKAGE_VERSION "0.1"
| #define PACKAGE_STRING "p4-sai-bm 0.1"
| #define PACKAGE_BUGREPORT "yonatanp@mellanox.com"
| #define PACKAGE_URL ""
| /* end confdefs.h.  */
| #include <ac_nonexistent.h>
configure:3237: checking for C++ compiler version
configure:3246: g++ --version >&5
g++ (Debian 6.3.0-18+deb9u1) 6.3.0 20170516
Copyright (C) 2016 Free Software Foundation, Inc.
This is free software; see the source for copying conditions.  There is NO
warranty; not even for MERCHANTABILITY or FITNESS FOR A PARTICULAR PURPOSE.

configure:3257: $? = 0
configure:3246: g++ -v >&5
Using built-in specs.
COLLECT_GCC=g++
COLLECT_LTO_WRAPPER=/usr/lib/gcc/x86_64-linux-gnu/6/lto-wrapper
Target: x86_64-linux-gnu
Configured with: ../src/configure -v --with-pkgversion='Debian 6.3.0-18+deb9u1' --with-bugurl=file:///usr/share/doc/gcc-6/README.Bugs --enable-languages=c,ada,c++,java,go,d,fortran,objc,obj-c++ --prefix=/usr --program-suffix=-6 --program-prefix=x86_64-linux-gnu- --enable-shared --enable-linker-build-id --libexecdir=/usr/lib --without-included-gettext --enable-threads=posix --libdir=/usr/lib --enable-nls --with-sysroot=/ --enable-clocale=gnu --enable-libstdcxx-debug --enable-libstdcxx-time=yes --with-default-libstdcxx-abi=new --enable-gnu-unique-object --disable-vtable-verify --enable-libmpx --enable-plugin --enable-default-pie --with-system-zlib --disable-browser-plugin --enable-java-awt=gtk --enable-gtk-cairo --with-java-home=/usr/lib/jvm/java-1.5.0-gcj-6-amd64/jre --enable-java-home --with-jvm-root-dir=/usr/lib/jvm/java-1.5.0-gcj-6-amd64 --with-jvm-jar-dir=/usr/lib/jvm-exports/java-1.5.0-gcj-6-amd64 --with-arch-directory=amd64 --with-ecj-jar=/usr/share/java/eclipse-ecj.jar --with-target-system-zlib --enable-objc-gc=auto --enable-multiarch --with-arch-32=i686 --with-abi=m64 --with-multilib-list=m32,m64,mx32 --enable-multilib --with-tune=generic --enable-checking=release --build=x86_64-linux-gnu --host=x86_64-linux-gnu --target=x86_64-linux-gnu
Thread model: posix
gcc version 6.3.0 20170516 (Debian 6.3.0-18+deb9u1) 
configure:3257: $? = 0
configure:3246: g++ -V >&5
g++: error: unrecognized command line option '-V'
g++: fatal error: no input files
compilation terminated.
configure:3257: $? = 1
configure:3246: g++ -qversion >&5
g++: error: unrecognized command line option '-qversion'; did you mean '--version'?
g++: fatal error: no input files
compilation terminated.
configure:3257: $? = 1
configure:3261: checking whether we are using the GNU C++ compiler
configure:3289: result: yes
configure:3298: checking whether g++ accepts -g
configure:3359: result: yes
configure:3462: checking for gcc
configure:3478: found /usr/bin/gcc
configure:3489: result: gcc
configure:3718: checking for C compiler version
configure:3727: gcc --version >&5
gcc (Debian 6.3.0-18+deb9u1) 6.3.0 20170516
Copyright (C) 2016 Free Software Foundation, Inc.
This is free software; see the source for copying conditions.  There is NO
warranty; not even for MERCHANTABILITY or FITNESS FOR A PARTICULAR PURPOSE.

configure:3738: $? = 0
configure:3727: gcc -v >&5
Using built-in specs.
COLLECT_GCC=gcc
COLLECT_LTO_WRAPPER=/usr/lib/gcc/x86_64-linux-gnu/6/lto-wrapper
Target: x86_64-linux-gnu
Configured with: ../src/configure -v --with-pkgversion='Debian 6.3.0-18+deb9u1' --with-bugurl=file:///usr/share/doc/gcc-6/README.Bugs --enable-languages=c,ada,c++,java,go,d,fortran,objc,obj-c++ --prefix=/usr --program-suffix=-6 --program-prefix=x86_64-linux-gnu- --enable-shared --enable-linker-build-id --libexecdir=/usr/lib --without-included-gettext --enable-threads=posix --libdir=/usr/lib --enable-nls --with-sysroot=/ --enable-clocale=gnu --enable-libstdcxx-debug --enable-libstdcxx-time=yes --with-default-libstdcxx-abi=new --enable-gnu-unique-object --disable-vtable-verify --enable-libmpx --enable-plugin --enable-default-pie --with-system-zlib --disable-browser-plugin --enable-java-awt=gtk --enable-gtk-cairo --with-java-home=/usr/lib/jvm/java-1.5.0-gcj-6-amd64/jre --enable-java-home --with-jvm-root-dir=/usr/lib/jvm/java-1.5.0-gcj-6-amd64 --with-jvm-jar-dir=/usr/lib/jvm-exports/java-1.5.0-gcj-6-amd64 --with-arch-directory=amd64 --with-ecj-jar=/usr/share/java/eclipse-ecj.jar --with-target-system-zlib --enable-objc-gc=auto --enable-multiarch --with-arch-32=i686 --with-abi=m64 --with-multilib-list=m32,m64,mx32 --enable-multilib --with-tune=generic --enable-checking=release --build=x86_64-linux-gnu --host=x86_64-linux-gnu --target=x86_64-linux-gnu
Thread model: posix
gcc version 6.3.0 20170516 (Debian 6.3.0-18+deb9u1) 
configure:3738: $? = 0
configure:3727: gcc -V >&5
gcc: error: unrecognized command line option '-V'
gcc: fatal error: no input files
compilation terminated.
configure:3738: $? = 1
configure:3727: gcc -qversion >&5
gcc: error: unrecognized command line option '-qversion'; did you mean '--version'?
gcc: fatal error: no input files
compilation terminated.
configure:3738: $? = 1
configure:3742: checking whether we are using the GNU C compiler
configure:3761: gcc -c   conftest.c >&5
configure:3761: $? = 0
configure:3770: result: yes
configure:3779: checking whether gcc accepts -g
configure:3799: gcc -c -g  conftest.c >&5
configure:3799: $? = 0
configure:3840: result: yes
configure:3857: checking for gcc option to accept ISO C89
configure:3920: gcc  -c -g -O2  conftest.c >&5
configure:3920: $? = 0
configure:3933: result: none needed
configure:3958: checking whether gcc understands -c and -o together
configure:3980: gcc -c conftest.c -o conftest2.o
configure:3983: $? = 0
configure:3980: gcc -c conftest.c -o conftest2.o
configure:3983: $? = 0
configure:3995: result: yes
configure:4062: checking for ar
configure:4078: found /usr/bin/ar
configure:4089: result: ar
configure:4115: checking the archiver (ar) interface
configure:4131: gcc -c -g -O2  conftest.c >&5
configure:4131: $? = 0
configure:4133: ar cru libconftest.a conftest.o >&5
ar: `u' modifier ignored since `D' is the default (see `U')
configure:4136: $? = 0
configure:4164: result: ar
configure:4213: checking build system type
configure:4227: result: x86_64-pc-linux-gnu
configure:4247: checking host system type
configure:4260: result: x86_64-pc-linux-gnu
configure:4301: checking how to print strings
configure:4328: result: printf
configure:4349: checking for a sed that does not truncate output
configure:4413: result: /bin/sed
configure:4431: checking for grep that handles long lines and -e
configure:4489: result: /bin/grep
configure:4494: checking for egrep
configure:4556: result: /bin/grep -E
configure:4561: checking for fgrep
configure:4623: result: /bin/grep -F
configure:4658: checking for ld used by gcc
configure:4725: result: /usr/bin/ld
configure:4732: checking if the linker (/usr/bin/ld) is GNU ld
configure:4747: result: yes
configure:4759: checking for BSD- or MS-compatible name lister (nm)
configure:4813: result: /usr/bin/nm -B
configure:4943: checking the name lister (/usr/bin/nm -B) interface
configure:4950: gcc -c -g -O2  conftest.c >&5
configure:4953: /usr/bin/nm -B "conftest.o"
configure:4956: output
0000000000000000 B some_variable
configure:4963: result: BSD nm
configure:4966: checking whether ln -s works
configure:4970: result: yes
configure:4978: checking the maximum length of command line arguments
configure:5109: result: 1572864
configure:5157: checking how to convert x86_64-pc-linux-gnu file names to x86_64-pc-linux-gnu format
configure:5197: result: func_convert_file_noop
configure:5204: checking how to convert x86_64-pc-linux-gnu file names to toolchain format
configure:5224: result: func_convert_file_noop
configure:5231: checking for /usr/bin/ld option to reload object files
configure:5238: result: -r
configure:5312: checking for objdump
configure:5328: found /usr/bin/objdump
configure:5339: result: objdump
configure:5371: checking how to recognize dependent libraries
configure:5571: result: pass_all
configure:5656: checking for dlltool
configure:5686: result: no
configure:5716: checking how to associate runtime and link libraries
configure:5743: result: printf %s\n
configure:5867: checking for archiver @FILE support
configure:5884: gcc -c -g -O2  conftest.c >&5
configure:5884: $? = 0
configure:5887: ar cru libconftest.a @conftest.lst >&5
ar: `u' modifier ignored since `D' is the default (see `U')
configure:5890: $? = 0
configure:5895: ar cru libconftest.a @conftest.lst >&5
ar: `u' modifier ignored since `D' is the default (see `U')
ar: conftest.o: No such file or directory
configure:5898: $? = 1
configure:5910: result: @
configure:5968: checking for strip
configure:5984: found /usr/bin/strip
configure:5995: result: strip
configure:6067: checking for ranlib
configure:6083: found /usr/bin/ranlib
configure:6094: result: ranlib
configure:6171: checking for gawk
configure:6201: result: no
configure:6171: checking for mawk
configure:6187: found /usr/bin/mawk
configure:6198: result: mawk
configure:6238: checking command to parse /usr/bin/nm -B output from gcc object
configure:6391: gcc -c -g -O2  conftest.c >&5
configure:6394: $? = 0
configure:6398: /usr/bin/nm -B conftest.o \| sed -n -e 's/^.*[ ]\([ABCDGIRSTW][ABCDGIRSTW]*\)[ ][ ]*\([_A-Za-z][_A-Za-z0-9]*\)$/\1 \2 \2/p' | sed '/ __gnu_lto/d' \> conftest.nm
configure:6401: $? = 0
configure:6467: gcc -o conftest -g -O2   conftest.c conftstm.o >&5
configure:6470: $? = 0
configure:6508: result: ok
configure:6555: checking for sysroot
configure:6585: result: no
configure:6592: checking for a working dd
configure:6630: result: /bin/dd
configure:6634: checking how to truncate binary pipes
configure:6649: result: /bin/dd bs=4096 count=1
configure:6785: gcc -c -g -O2  conftest.c >&5
configure:6788: $? = 0
configure:6978: checking for mt
configure:7008: result: no
configure:7028: checking if : is a manifest tool
configure:7034: : '-?'
configure:7042: result: no
configure:7719: checking how to run the C preprocessor
configure:7750: gcc -E  conftest.c
configure:7750: $? = 0
configure:7764: gcc -E  conftest.c
conftest.c:9:28: fatal error: ac_nonexistent.h: No such file or directory
 #include <ac_nonexistent.h>
                            ^
compilation terminated.
configure:7764: $? = 1
configure: failed program was:
| /* confdefs.h */
| #define PACKAGE_NAME "p4-sai-bm"
| #define PACKAGE_TARNAME "p4-sai-bm"
| #define PACKAGE_VERSION "0.1"
| #define PACKAGE_STRING "p4-sai-bm 0.1"
| #define PACKAGE_BUGREPORT "yonatanp@mellanox.com"
| #define PACKAGE_URL ""
| /* end confdefs.h.  */
| #include <ac_nonexistent.h>
configure:7789: result: gcc -E
configure:7809: gcc -E  conftest.c
configure:7809: $? = 0
configure:7823: gcc -E  conftest.c
conftest.c:9:28: fatal error: ac_nonexistent.h: No such file or directory
 #include <ac_nonexistent.h>
                            ^
compilation terminated.
configure:7823: $? = 1
configure: failed program was:
| /* confdefs.h */
| #define PACKAGE_NAME "p4-sai-bm"
| #define PACKAGE_TARNAME "p4-sai-bm"
| #define PACKAGE_VERSION "0.1"
| #define PACKAGE_STRING "p4-sai-bm 0.1"
| #define PACKAGE_BUGREPORT "yonatanp@mellanox.com"
| #define PACKAGE_URL ""
| /* end confdefs.h.  */
| #include <ac_nonexistent.h>
configure:7852: checking for ANSI C header files
configure:7872: gcc -c -g -O2  conftest.c >&5
configure:7872: $? = 0
configure:7945: gcc -o conftest -g -O2   conftest.c  >&5
configure:7945: $? = 0
configure:7945: ./conftest
configure:7945: $? = 0
configure:7956: result: yes
configure:7969: checking for sys/types.h
configure:7969: gcc -c -g -O2  conftest.c >&5
configure:7969: $? = 0
configure:7969: result: yes
configure:7969: checking for sys/stat.h
configure:7969: gcc -c -g -O2  conftest.c >&5
configure:7969: $? = 0
configure:7969: result: yes
configure:7969: checking for stdlib.h
configure:7969: gcc -c -g -O2  conftest.c >&5
configure:7969: $? = 0
configure:7969: result: yes
configure:7969: checking for string.h
configure:7969: gcc -c -g -O2  conftest.c >&5
configure:7969: $? = 0
configure:7969: result: yes
configure:7969: checking for memory.h
configure:7969: gcc -c -g -O2  conftest.c >&5
configure:7969: $? = 0
configure:7969: result: yes
configure:7969: checking for strings.h
configure:7969: gcc -c -g -O2  conftest.c >&5
configure:7969: $? = 0
configure:7969: result: yes
configure:7969: checking for inttypes.h
configure:7969: gcc -c -g -O2  conftest.c >&5
configure:7969: $? = 0
configure:7969: result: yes
configure:7969: checking for stdint.h
configure:7969: gcc -c -g -O2  conftest.c >&5
configure:7969: $? = 0
configure:7969: result: yes
configure:7969: checking for unistd.h
configure:7969: gcc -c -g -O2  conftest.c >&5
configure:7969: $? = 0
configure:7969: result: yes
configure:7983: checking for dlfcn.h
configure:7983: gcc -c -g -O2  conftest.c >&5
configure:7983: $? = 0
configure:7983: result: yes
configure:8250: checking for objdir
configure:8265: result: .libs
configure:8529: checking if gcc supports -fno-rtti -fno-exceptions
configure:8547: gcc -c -g -O2  -fno-rtti -fno-exceptions conftest.c >&5
cc1: warning: command line option '-fno-rtti' is valid for C++/ObjC++ but not for C
configure:8551: $? = 0
configure:8564: result: no
configure:8922: checking for gcc option to produce PIC
configure:8929: result: -fPIC -DPIC
configure:8937: checking if gcc PIC flag -fPIC -DPIC works
configure:8955: gcc -c -g -O2  -fPIC -DPIC -DPIC conftest.c >&5
configure:8959: $? = 0
configure:8972: result: yes
configure:9001: checking if gcc static flag -static works
configure:9029: result: yes
configure:9044: checking if gcc supports -c -o file.o
configure:9065: gcc -c -g -O2  -o out/conftest2.o conftest.c >&5
configure:9069: $? = 0
configure:9091: result: yes
configure:9099: checking if gcc supports -c -o file.o
configure:9146: result: yes
configure:9179: checking whether the gcc linker (/usr/bin/ld -m elf_x86_64) supports shared libraries
configure:10442: result: yes
configure:10479: checking whether -lc should be explicitly linked in
configure:10487: gcc -c -g -O2  conftest.c >&5
configure:10490: $? = 0
configure:10505: gcc -shared  -fPIC -DPIC conftest.o  -v -Wl,-soname -Wl,conftest -o conftest 2\>\&1 \| /bin/grep  -lc  \>/dev/null 2\>\&1
configure:10508: $? = 0
configure:10522: result: no
configure:10682: checking dynamic linker characteristics
configure:11263: gcc -o conftest -g -O2   -Wl,-rpath -Wl,/foo conftest.c  >&5
configure:11263: $? = 0
configure:11512: result: GNU/Linux ld.so
configure:11634: checking how to hardcode library paths into programs
configure:11659: result: immediate
configure:12207: checking whether stripping libraries is possible
configure:12212: result: yes
configure:12247: checking if libtool supports shared libraries
configure:12249: result: yes
configure:12252: checking whether to build shared libraries
configure:12277: result: yes
configure:12280: checking whether to build static libraries
configure:12284: result: yes
configure:12307: checking how to run the C++ preprocessor
configure:12373: result: g++ -E
configure:12393: g++ -E  conftest.cpp
configure:12393: $? = 0
configure:12407: g++ -E  conftest.cpp
conftest.cpp:21:28: fatal error: ac_nonexistent.h: No such file or directory
 #include <ac_nonexistent.h>
                            ^
compilation terminated.
configure:12407: $? = 1
configure: failed program was:
| /* confdefs.h */
| #define PACKAGE_NAME "p4-sai-bm"
| #define PACKAGE_TARNAME "p4-sai-bm"
| #define PACKAGE_VERSION "0.1"
| #define PACKAGE_STRING "p4-sai-bm 0.1"
| #define PACKAGE_BUGREPORT "yonatanp@mellanox.com"
| #define PACKAGE_URL ""
| #define STDC_HEADERS 1
| #define HAVE_SYS_TYPES_H 1
| #define HAVE_SYS_STAT_H 1
| #define HAVE_STDLIB_H 1
| #define HAVE_STRING_H 1
| #define HAVE_MEMORY_H 1
| #define HAVE_STRINGS_H 1
| #define HAVE_INTTYPES_H 1
| #define HAVE_STDINT_H 1
| #define HAVE_UNISTD_H 1
| #define HAVE_DLFCN_H 1
| #define LT_OBJDIR ".libs/"
| /* end confdefs.h.  */
| #include <ac_nonexistent.h>
configure:12569: checking for ld used by g++
configure:12636: result: /usr/bin/ld -m elf_x86_64
configure:12643: checking if the linker (/usr/bin/ld -m elf_x86_64) is GNU ld
configure:12658: result: yes
configure:12713: checking whether the g++ linker (/usr/bin/ld -m elf_x86_64) supports shared libraries
configure:13786: result: yes
configure:13822: g++ -c -g -O2  conftest.cpp >&5
configure:13825: $? = 0
configure:14306: checking for g++ option to produce PIC
configure:14313: result: -fPIC -DPIC
configure:14321: checking if g++ PIC flag -fPIC -DPIC works
configure:14339: g++ -c -g -O2  -fPIC -DPIC -DPIC conftest.cpp >&5
configure:14343: $? = 0
configure:14356: result: yes
configure:14379: checking if g++ static flag -static works
configure:14407: result: yes
configure:14419: checking if g++ supports -c -o file.o
configure:14440: g++ -c -g -O2  -o out/conftest2.o conftest.cpp >&5
configure:14444: $? = 0
configure:14466: result: yes
configure:14471: checking if g++ supports -c -o file.o
configure:14518: result: yes
configure:14548: checking whether the g++ linker (/usr/bin/ld -m elf_x86_64) supports shared libraries
configure:14591: result: yes
configure:14732: checking dynamic linker characteristics
configure:15489: result: GNU/Linux ld.so
configure:15554: checking how to hardcode library paths into programs
configure:15579: result: immediate
configure:15676: checking for a Python interpreter with version >= 2.7
configure:15693: python -c import sys # split strings by '.' and convert to numeric. Append some zeros # because we need at least 4 digits for the hex conversion. # map returns an iterator in Python 3.0 and a list in 2.x minver = list(map(int, '2.7'.split('.'))) + [0, 0, 0] minverhex = 0 # xrange is not present in Python 3.0 and range returns an iterator for i in list(range(0, 4)): minverhex = (minverhex << 8) + minver[i] sys.exit(sys.hexversion < minverhex)
configure:15696: $? = 0
configure:15702: result: python
configure:15710: checking for python
configure:15728: found /usr/bin/python
configure:15740: result: /usr/bin/python
configure:15758: checking for python version
configure:15765: result: 2.7
configure:15777: checking for python platform
configure:15784: result: linux2
configure:15810: checking for python script directory
configure:15845: result: ${prefix}/lib/python2.7/dist-packages
configure:15854: checking for python extension module directory
configure:15889: result: ${exec_prefix}/lib/python2.7/dist-packages
configure:15912: checking for thrift
configure:15930: found /usr/bin/thrift
configure:15942: result: /usr/bin/thrift
configure:15972: checking for a BSD-compatible install
configure:16040: result: /usr/bin/install -c
configure:16051: checking whether build environment is sane
configure:16106: result: yes
configure:16254: checking for a thread-safe mkdir -p
configure:16293: result: /bin/mkdir -p
configure:16296: checking whether make sets $(MAKE)
configure:16318: result: yes
configure:16348: checking for style of include used by make
configure:16376: result: GNU
configure:16410: checking whether make supports nested variables
configure:16427: result: yes
configure:16512: checking dependency style of gcc
configure:16623: result: gcc3
configure:16640: checking dependency style of g++
configure:16751: result: gcc3
configure:16820: checking for ANSI C header files
configure:16924: result: yes
configure:16934: checking string usability
configure:16934: g++ -c -g -O2  conftest.cpp >&5
configure:16934: $? = 0
configure:16934: result: yes
configure:16934: checking string presence
configure:16934: g++ -E  conftest.cpp
configure:16934: $? = 0
configure:16934: result: yes
configure:16934: checking for string
configure:16934: result: yes
configure:16946: checking iostream usability
configure:16946: g++ -c -g -O2  conftest.cpp >&5
configure:16946: $? = 0
configure:16946: result: yes
configure:16946: checking iostream presence
configure:16946: g++ -E  conftest.cpp
configure:16946: $? = 0
configure:16946: result: yes
configure:16946: checking for iostream
configure:16946: result: yes
configure:16958: checking for size_t
configure:16958: g++ -c -g -O2  conftest.cpp >&5
configure:16958: $? = 0
configure:16958: g++ -c -g -O2  conftest.cpp >&5
conftest.cpp: In function 'int main()':
conftest.cpp:62:20: error: expected primary-expression before ')' token
 if (sizeof ((size_t)))
                    ^
configure:16958: $? = 1
configure: failed program was:
| /* confdefs.h */
| #define PACKAGE_NAME "p4-sai-bm"
| #define PACKAGE_TARNAME "p4-sai-bm"
| #define PACKAGE_VERSION "0.1"
| #define PACKAGE_STRING "p4-sai-bm 0.1"
| #define PACKAGE_BUGREPORT "yonatanp@mellanox.com"
| #define PACKAGE_URL ""
| #define STDC_HEADERS 1
| #define HAVE_SYS_TYPES_H 1
| #define HAVE_SYS_STAT_H 1
| #define HAVE_STDLIB_H 1
| #define HAVE_STRING_H 1
| #define HAVE_MEMORY_H 1
| #define HAVE_STRINGS_H 1
| #define HAVE_INTTYPES_H 1
| #define HAVE_STDINT_H 1
| #define HAVE_UNISTD_H 1
| #define HAVE_DLFCN_H 1
| #define LT_OBJDIR ".libs/"
| #define PACKAGE "p4-sai-bm"
| #define VERSION "0.1"
| #define STDC_HEADERS 1
| #define HAVE_STRING 1
| #define HAVE_IOSTREAM 1
| /* end confdefs.h.  */
| #include <stdio.h>
| #ifdef HAVE_SYS_TYPES_H
| # include <sys/types.h>
| #endif
| #ifdef HAVE_SYS_STAT_H
| # include <sys/stat.h>
| #endif
| #ifdef STDC_HEADERS
| # include <stdlib.h>
| # include <stddef.h>
| #else
| # ifdef HAVE_STDLIB_H
| #  include <stdlib.h>
| # endif
| #endif
| #ifdef HAVE_STRING_H
| # if !defined STDC_HEADERS && defined HAVE_MEMORY_H
| #  include <memory.h>
| # endif
| # include <string.h>
| #endif
| #ifdef HAVE_STRINGS_H
| # include <strings.h>
| #endif
| #ifdef HAVE_INTTYPES_H
| # include <inttypes.h>
| #endif
| #ifdef HAVE_STDINT_H
| # include <stdint.h>
| #endif
| #ifdef HAVE_UNISTD_H
| # include <unistd.h>
| #endif
| int
| main ()
| {
| if (sizeof ((size_t)))
| 	    return 0;
|   ;
|   return 0;
| }
configure:16958: result: yes
configure:17151: checking that generated files are newer than configure
configure:17157: result: done
configure:17188: creating ./config.status

## ---------------------- ##
## Running config.status. ##
## ---------------------- ##

This file was extended by p4-sai-bm config.status 0.1, which was
generated by GNU Autoconf 2.69.  Invocation command line was

  CONFIG_FILES    = 
  CONFIG_HEADERS  = 
  CONFIG_LINKS    = 
  CONFIG_COMMANDS = 
  $ ./config.status 

on d7da78115baa

config.status:1088: creating Makefile
config.status:1088: creating sai-p4-target/Makefile
config.status:1260: executing libtool commands
config.status:1260: executing depfiles commands
configure:19475: === configuring in behavioral-model (/stratum/SAI-P4-BM/p4-switch/behavioral-model)
configure:19538: running /bin/bash ./configure --disable-option-checking '--prefix=/usr/local'  '--without-targets' --cache-file=/dev/null --srcdir=.

## ---------------- ##
## Cache variables. ##
## ---------------- ##

ac_cv_build=x86_64-pc-linux-gnu
ac_cv_c_compiler_gnu=yes
ac_cv_cxx_compiler_gnu=yes
ac_cv_env_CCC_set=
ac_cv_env_CCC_value=
ac_cv_env_CC_set=
ac_cv_env_CC_value=
ac_cv_env_CFLAGS_set=
ac_cv_env_CFLAGS_value=
ac_cv_env_CPPFLAGS_set=
ac_cv_env_CPPFLAGS_value=
ac_cv_env_CPP_set=
ac_cv_env_CPP_value=
ac_cv_env_CXXCPP_set=
ac_cv_env_CXXCPP_value=
ac_cv_env_CXXFLAGS_set=
ac_cv_env_CXXFLAGS_value=
ac_cv_env_CXX_set=
ac_cv_env_CXX_value=
ac_cv_env_LDFLAGS_set=
ac_cv_env_LDFLAGS_value=
ac_cv_env_LIBS_set=
ac_cv_env_LIBS_value=
ac_cv_env_LT_SYS_LIBRARY_PATH_set=
ac_cv_env_LT_SYS_LIBRARY_PATH_value=
ac_cv_env_PYTHON_set=
ac_cv_env_PYTHON_value=
ac_cv_env_build_alias_set=
ac_cv_env_build_alias_value=
ac_cv_env_host_alias_set=
ac_cv_env_host_alias_value=
ac_cv_env_target_alias_set=
ac_cv_env_target_alias_value=
ac_cv_header_dlfcn_h=yes
ac_cv_header_inttypes_h=yes
ac_cv_header_iostream=yes
ac_cv_header_memory_h=yes
ac_cv_header_stdc=yes
ac_cv_header_stdint_h=yes
ac_cv_header_stdlib_h=yes
ac_cv_header_string=yes
ac_cv_header_string_h=yes
ac_cv_header_strings_h=yes
ac_cv_header_sys_stat_h=yes
ac_cv_header_sys_types_h=yes
ac_cv_header_unistd_h=yes
ac_cv_host=x86_64-pc-linux-gnu
ac_cv_objext=o
ac_cv_path_EGREP='/bin/grep -E'
ac_cv_path_FGREP='/bin/grep -F'
ac_cv_path_GREP=/bin/grep
ac_cv_path_PYTHON=/usr/bin/python
ac_cv_path_SED=/bin/sed
ac_cv_path_THRIFT=/usr/bin/thrift
ac_cv_path_install='/usr/bin/install -c'
ac_cv_path_lt_DD=/bin/dd
ac_cv_path_mkdir=/bin/mkdir
ac_cv_prog_AWK=mawk
ac_cv_prog_CPP='gcc -E'
ac_cv_prog_CXXCPP='g++ -E'
ac_cv_prog_ac_ct_AR=ar
ac_cv_prog_ac_ct_CC=gcc
ac_cv_prog_ac_ct_CXX=g++
ac_cv_prog_ac_ct_OBJDUMP=objdump
ac_cv_prog_ac_ct_RANLIB=ranlib
ac_cv_prog_ac_ct_STRIP=strip
ac_cv_prog_cc_c89=
ac_cv_prog_cc_g=yes
ac_cv_prog_cxx_g=yes
ac_cv_prog_make_make_set=yes
ac_cv_type_size_t=yes
am_cv_CC_dependencies_compiler_type=gcc3
am_cv_CXX_dependencies_compiler_type=gcc3
am_cv_ar_interface=ar
am_cv_make_support_nested_variables=yes
am_cv_pathless_PYTHON=python
am_cv_prog_cc_c_o=yes
am_cv_python_platform=linux2
am_cv_python_pyexecdir='${exec_prefix}/lib/python2.7/dist-packages'
am_cv_python_pythondir='${prefix}/lib/python2.7/dist-packages'
am_cv_python_version=2.7
lt_cv_ar_at_file=@
lt_cv_archive_cmds_need_lc=no
lt_cv_deplibs_check_method=pass_all
lt_cv_file_magic_cmd='$MAGIC_CMD'
lt_cv_file_magic_test_file=
lt_cv_ld_reload_flag=-r
lt_cv_nm_interface='BSD nm'
lt_cv_objdir=.libs
lt_cv_path_LD=/usr/bin/ld
lt_cv_path_LDCXX='/usr/bin/ld -m elf_x86_64'
lt_cv_path_NM='/usr/bin/nm -B'
lt_cv_path_mainfest_tool=no
lt_cv_prog_compiler_c_o=yes
lt_cv_prog_compiler_c_o_CXX=yes
lt_cv_prog_compiler_pic='-fPIC -DPIC'
lt_cv_prog_compiler_pic_CXX='-fPIC -DPIC'
lt_cv_prog_compiler_pic_works=yes
lt_cv_prog_compiler_pic_works_CXX=yes
lt_cv_prog_compiler_rtti_exceptions=no
lt_cv_prog_compiler_static_works=yes
lt_cv_prog_compiler_static_works_CXX=yes
lt_cv_prog_gnu_ld=yes
lt_cv_prog_gnu_ldcxx=yes
lt_cv_sharedlib_from_linklib_cmd='printf %s\n'
lt_cv_shlibpath_overrides_runpath=yes
lt_cv_sys_global_symbol_pipe='sed -n -e '\''s/^.*[	 ]\([ABCDGIRSTW][ABCDGIRSTW]*\)[	 ][	 ]*\([_A-Za-z][_A-Za-z0-9]*\)$/\1 \2 \2/p'\'' | sed '\''/ __gnu_lto/d'\'''
lt_cv_sys_global_symbol_to_c_name_address='sed -n -e '\''s/^: \(.*\) .*$/  {"\1", (void *) 0},/p'\'' -e '\''s/^[ABCDGIRSTW][ABCDGIRSTW]* .* \(.*\)$/  {"\1", (void *) \&\1},/p'\'''
lt_cv_sys_global_symbol_to_c_name_address_lib_prefix='sed -n -e '\''s/^: \(.*\) .*$/  {"\1", (void *) 0},/p'\'' -e '\''s/^[ABCDGIRSTW][ABCDGIRSTW]* .* \(lib.*\)$/  {"\1", (void *) \&\1},/p'\'' -e '\''s/^[ABCDGIRSTW][ABCDGIRSTW]* .* \(.*\)$/  {"lib\1", (void *) \&\1},/p'\'''
lt_cv_sys_global_symbol_to_cdecl='sed -n -e '\''s/^T .* \(.*\)$/extern int \1();/p'\'' -e '\''s/^[ABCDGIRSTW][ABCDGIRSTW]* .* \(.*\)$/extern char \1;/p'\'''
lt_cv_sys_global_symbol_to_import=
lt_cv_sys_max_cmd_len=1572864
lt_cv_to_host_file_cmd=func_convert_file_noop
lt_cv_to_tool_file_cmd=func_convert_file_noop
lt_cv_truncate_bin='/bin/dd bs=4096 count=1'

## ----------------- ##
## Output variables. ##
## ----------------- ##

ACLOCAL='${SHELL} /stratum/SAI-P4-BM/p4-switch/missing aclocal-1.15'
AMDEPBACKSLASH='\'
AMDEP_FALSE='#'
AMDEP_TRUE=''
AMTAR='$${TAR-tar}'
AM_BACKSLASH='\'
AM_CFLAGS=''
AM_CXXFLAGS=''
AM_DEFAULT_V='$(AM_DEFAULT_VERBOSITY)'
AM_DEFAULT_VERBOSITY='1'
AM_LDFLAGS=''
AM_V='$(V)'
AR='ar'
AUTOCONF='${SHELL} /stratum/SAI-P4-BM/p4-switch/missing autoconf'
AUTOHEADER='${SHELL} /stratum/SAI-P4-BM/p4-switch/missing autoheader'
AUTOMAKE='${SHELL} /stratum/SAI-P4-BM/p4-switch/missing automake-1.15'
AWK='mawk'
CC='gcc'
CCDEPMODE='depmode=gcc3'
CFLAGS='-g -O2'
COND_TARGETS_FALSE=''
COND_TARGETS_TRUE='#'
CPP='gcc -E'
CPPFLAGS=''
CXX='g++'
CXXCPP='g++ -E'
CXXDEPMODE='depmode=gcc3'
CXXFLAGS='-g -O2'
CYGPATH_W='echo'
DEFS='-DPACKAGE_NAME=\"p4-sai-bm\" -DPACKAGE_TARNAME=\"p4-sai-bm\" -DPACKAGE_VERSION=\"0.1\" -DPACKAGE_STRING=\"p4-sai-bm\ 0.1\" -DPACKAGE_BUGREPORT=\"yonatanp@mellanox.com\" -DPACKAGE_URL=\"\" -DSTDC_HEADERS=1 -DHAVE_SYS_TYPES_H=1 -DHAVE_SYS_STAT_H=1 -DHAVE_STDLIB_H=1 -DHAVE_STRING_H=1 -DHAVE_MEMORY_H=1 -DHAVE_STRINGS_H=1 -DHAVE_INTTYPES_H=1 -DHAVE_STDINT_H=1 -DHAVE_UNISTD_H=1 -DHAVE_DLFCN_H=1 -DLT_OBJDIR=\".libs/\" -DPACKAGE=\"p4-sai-bm\" -DVERSION=\"0.1\" -DSTDC_HEADERS=1 -DHAVE_STRING=1 -DHAVE_IOSTREAM=1'
DEPDIR='.deps'
DLLTOOL='false'
DSYMUTIL=''
DUMPBIN=''
ECHO_C=''
ECHO_N='-n'
ECHO_T=''
EGREP='/bin/grep -E'
EXEEXT=''
FGREP='/bin/grep -F'
GREP='/bin/grep'
INSTALL_DATA='${INSTALL} -m 644'
INSTALL_PROGRAM='${INSTALL}'
INSTALL_SCRIPT='${INSTALL}'
INSTALL_STRIP_PROGRAM='$(install_sh) -c -s'
LD='/usr/bin/ld -m elf_x86_64'
LDFLAGS=''
LIBOBJS=''
LIBS=''
LIBTOOL='$(SHELL) $(top_builddir)/libtool'
LIPO=''
LN_S='ln -s'
LTLIBOBJS=''
LT_SYS_LIBRARY_PATH=''
MAKEINFO='${SHELL} /stratum/SAI-P4-BM/p4-switch/missing makeinfo'
MANIFEST_TOOL=':'
MKDIR_P='/bin/mkdir -p'
NM='/usr/bin/nm -B'
NMEDIT=''
OBJDUMP='objdump'
OBJEXT='o'
OTOOL64=''
OTOOL=''
P4_BM_DIR='behavioral-model'
PACKAGE='p4-sai-bm'
PACKAGE_BUGREPORT='yonatanp@mellanox.com'
PACKAGE_NAME='p4-sai-bm'
PACKAGE_STRING='p4-sai-bm 0.1'
PACKAGE_TARNAME='p4-sai-bm'
PACKAGE_URL=''
PACKAGE_VERSION='0.1'
PATH_SEPARATOR=':'
PYTHON='/usr/bin/python'
PYTHON_EXEC_PREFIX='${exec_prefix}'
PYTHON_PLATFORM='linux2'
PYTHON_PREFIX='${prefix}'
PYTHON_VERSION='2.7'
RANLIB='ranlib'
SED='/bin/sed'
SET_MAKE=''
SHELL='/bin/bash'
STRIP='strip'
THRIFT='/usr/bin/thrift'
VERSION='0.1'
ac_ct_AR='ar'
ac_ct_CC='gcc'
ac_ct_CXX='g++'
ac_ct_DUMPBIN=''
am__EXEEXT_FALSE=''
am__EXEEXT_TRUE='#'
am__fastdepCC_FALSE='#'
am__fastdepCC_TRUE=''
am__fastdepCXX_FALSE='#'
am__fastdepCXX_TRUE=''
am__include='include'
am__isrc=''
am__leading_dot='.'
am__nodep='_no'
am__quote=''
am__tar='$${TAR-tar} chof - "$$tardir"'
am__untar='$${TAR-tar} xf -'
bindir='${exec_prefix}/bin'
build='x86_64-pc-linux-gnu'
build_alias=''
build_cpu='x86_64'
build_os='linux-gnu'
build_vendor='pc'
datadir='${datarootdir}'
datarootdir='${prefix}/share'
docdir='${datarootdir}/doc/${PACKAGE_TARNAME}'
dvidir='${docdir}'
exec_prefix='${prefix}'
host='x86_64-pc-linux-gnu'
host_alias=''
host_cpu='x86_64'
host_os='linux-gnu'
host_vendor='pc'
htmldir='${docdir}'
includedir='${prefix}/include'
infodir='${datarootdir}/info'
install_sh='${SHELL} /stratum/SAI-P4-BM/p4-switch/install-sh'
libdir='${exec_prefix}/lib'
libexecdir='${exec_prefix}/libexec'
localedir='${datarootdir}/locale'
localstatedir='${prefix}/var'
mandir='${datarootdir}/man'
mkdir_p='$(MKDIR_P)'
oldincludedir='/usr/include'
pdfdir='${docdir}'
pkgpyexecdir='${pyexecdir}/'
pkgpythondir='${pythondir}/'
prefix='/usr/local'
program_transform_name='s,x,x,'
psdir='${docdir}'
pyexecdir='${exec_prefix}/lib/python2.7/dist-packages'
pythondir='${prefix}/lib/python2.7/dist-packages'
runstatedir='${localstatedir}/run'
sbindir='${exec_prefix}/sbin'
sharedstatedir='${prefix}/com'
subdirs=' behavioral-model'
sysconfdir='${prefix}/etc'
target_alias=''

## ----------- ##
## confdefs.h. ##
## ----------- ##

/* confdefs.h */
#define PACKAGE_NAME "p4-sai-bm"
#define PACKAGE_TARNAME "p4-sai-bm"
#define PACKAGE_VERSION "0.1"
#define PACKAGE_STRING "p4-sai-bm 0.1"
#define PACKAGE_BUGREPORT "yonatanp@mellanox.com"
#define PACKAGE_URL ""
#define STDC_HEADERS 1
#define HAVE_SYS_TYPES_H 1
#define HAVE_SYS_STAT_H 1
#define HAVE_STDLIB_H 1
#define HAVE_STRING_H 1
#define HAVE_MEMORY_H 1
#define HAVE_STRINGS_H 1
#define HAVE_INTTYPES_H 1
#define HAVE_STDINT_H 1
#define HAVE_UNISTD_H 1
#define HAVE_DLFCN_H 1
#define LT_OBJDIR ".libs/"
#define PACKAGE "p4-sai-bm"
#define VERSION "0.1"
#define STDC_HEADERS 1
#define HAVE_STRING 1
#define HAVE_IOSTREAM 1

configure: exit 0
